<?xml version="1.0" encoding="UTF-8"?>
<testsuite name="TestStage4" tests="1" skipped="0" failures="0" errors="0" timestamp="2022-06-02T21:42:28" hostname="LUCAS-PC" time="0.6">
  <properties/>
  <testcase name="start" classname="TestStage4" time="0.6"/>
  <system-out><![CDATA[?[1;31m
Start test 1?[0m
The username is Max.
?[1;31m
Start test 2?[0m
The file 'abc.txt' is tracked.
?[1;31m
Start test 3?[0m
These are SVCS commands:
config     Get and set a username.
add        Add a file to the index.
log        Show commit logs.
commit     Save changes.
checkout   Restore a file.
These are SVCS commands:
config     Get and set a username.
add        Add a file to the index.
log        Show commit logs.
commit     Save changes.
checkout   Restore a file.
?[1;31m
Start test 4?[0m
Please, tell me who you are.
The username is Max.
The username is Max.
The username is John.
The username is John.
?[1;31m
Start test 5?[0m
Add a file to the index.
The file 'file377.txt' is tracked.
Tracked files:
file377.txt
The file 'file442.txt' is tracked.
Tracked files:
file377.txt
file442.txt
Can't find 'file724.txt'.
?[1;31m
Start test 6?[0m
The username is Diane627.
The file 'first_file.txt' is tracked.
The file 'second_file.txt' is tracked.
Changes are committed.
?[1;31m
Start test 7?[0m
The username is Christine506.
The file 'first_file.txt' is tracked.
The file 'second_file.txt' is tracked.
No commits yet.
Message was not passed.
Changes are committed.

commit 10d9db515fd88f4b509f04590f5dfbc4b7e9f30e14005f6088896b86ec238e81
Author: Christine506
Test message
Nothing to commit.
Changes are committed.

commit 192277c88e01c4d47bec4fb591263cdefb95c14ca611d91fd166e4e0c80e8163
Author: Christine506
Test message3

commit 10d9db515fd88f4b509f04590f5dfbc4b7e9f30e14005f6088896b86ec238e81
Author: Christine506
Test message
?[1;31m
Start test 8?[0m
The username is Diane255.
The file 'first_file.txt' is tracked.
The file 'second_file.txt' is tracked.
Changes are committed.
Changes are committed.
Commit id was not passed.
Commit does not exist.

commit aecfcc90db66a95cc74745d5ff6377186ed8cdb689efc56d0f1c7a79974782d9
Author: Diane255
Second commit

commit 9b54efd481d7fe1c8ac41a541c06a7be1c10a34ba35ce649cc7a170856afee3a
Author: Diane255
First commit
Switched to commit 9b54efd481d7fe1c8ac41a541c06a7be1c10a34ba35ce649cc7a170856afee3a.
?[1;31m
Start test 9?[0m
'wrongArg278' is not a SVCS command.
]]></system-out>
  <system-err><![CDATA[]]></system-err>
</testsuite>
